<!DOCTYPE HTML PUBLIC "-//W3C//DTD HTML 4.01 Transitional//EN">
<HTML>
 <HEAD>
   <TITLE> [Openocd-development] Errors when building with buspirate support
   </TITLE>
   <LINK REL="Index" HREF="http://lists.berlios.de/pipermail/openocd-development/2010-April/index.html" >
   <LINK REL="made" HREF="mailto:openocd-development%40lists.berlios.de?Subject=Re%3A%20%5BOpenocd-development%5D%20Errors%20when%20building%20with%20buspirate%20support&In-Reply-To=%3C4BC03315.1040101%40op.pl%3E">
   <META NAME="robots" CONTENT="index,nofollow">
   <style type="text/css">
       pre {
           white-space: pre-wrap;       /* css-2.1, curent FF, Opera, Safari */
           }
   </style>
   <META http-equiv="Content-Type" content="text/html; charset=us-ascii">
   <LINK REL="Previous"  HREF="015426.html">
   <LINK REL="Next"  HREF="015428.html">
 </HEAD>
 <BODY BGCOLOR="#ffffff">
   <H1>[Openocd-development] Errors when building with buspirate support</H1>
    <B>Freddie Chopin</B> 
    <A HREF="mailto:openocd-development%40lists.berlios.de?Subject=Re%3A%20%5BOpenocd-development%5D%20Errors%20when%20building%20with%20buspirate%20support&In-Reply-To=%3C4BC03315.1040101%40op.pl%3E"
       TITLE="[Openocd-development] Errors when building with buspirate support">freddie_chopin at op.pl
       </A><BR>
    <I>Sat Apr 10 10:13:09 CEST 2010</I>
    <P><UL>
        <LI>Previous message: <A HREF="015426.html">[Openocd-development] (no subject)
</A></li>
        <LI>Next message: <A HREF="015428.html">[Openocd-development] Errors when building with buspirate	support
</A></li>
         <LI> <B>Messages sorted by:</B> 
              <a href="date.html#15427">[ date ]</a>
              <a href="thread.html#15427">[ thread ]</a>
              <a href="subject.html#15427">[ subject ]</a>
              <a href="author.html#15427">[ author ]</a>
         </LI>
       </UL>
    <HR>  
<!--beginarticle-->
<PRE>When &quot;--enable-buspirate&quot; is included then the normal and 
&quot;--disable-werror&quot; build fails. Below the messages for normal build:

&gt;<i> /bin/sh ../../../libtool --tag=CC   --mode=compile i686-w64-mingw32-gcc -std=gnu99 -DHAVE_CONFIG_H -I. -I../../../../src/jtag/drivers -I../../..  -I../../../../src -I../../../src   -g -O2 -D__USE_MINGW_ANSI_STDIO -Wall -Wstrict-prototypes -Wformat-security -Wextra -Wno-unused-parameter -Wbad-function-cast -Wcast-align -Wredundant-decls -Werror -MT buspirate.lo -MD -MP -MF .deps/buspirate.Tpo -c -o buspirate.lo ../../../../src/jtag/drivers/buspirate.c
</I>&gt;<i> libtool: compile:  i686-w64-mingw32-gcc -std=gnu99 -DHAVE_CONFIG_H -I. -I../../../../src/jtag/drivers -I../../.. -I../../../../src -I../../../src -g -O2 -D__USE_MINGW_ANSI_STDIO -Wall -Wstrict-prototypes -Wformat-security -Wextra -Wno-unused-parameter -Wbad-function-cast -Wcast-align -Wredundant-decls -Werror -MT buspirate.lo -MD -MP -MF .deps/buspirate.Tpo -c ../../../../src/jtag/drivers/buspirate.c -o buspirate.o
</I>&gt;<i> ../../../../src/jtag/drivers/buspirate.c:28:21: error: termios.h: Nie ma takiego pliku ani katalogu
</I>&gt;<i> ../../../../src/jtag/drivers/buspirate.c:30:23: error: sys/ioctl.h: Nie ma takiego pliku ani katalogu
</I>&gt;<i> ../../../../src/jtag/drivers/buspirate.c:111: error: expected declaration specifiers or &#8216;...&#8217; before &#8216;speed_t&#8217;
</I>&gt;<i> ../../../../src/jtag/drivers/buspirate.c: In function &#8216;buspirate_init&#8217;:
</I>&gt;<i> ../../../../src/jtag/drivers/buspirate.c:217: error: &#8216;O_NOCTTY&#8217; undeclared (first use in this function)
</I>&gt;<i> ../../../../src/jtag/drivers/buspirate.c:217: error: (Each undeclared identifier is reported only once
</I>&gt;<i> ../../../../src/jtag/drivers/buspirate.c:217: error: for each function it appears in.)
</I>&gt;<i> ../../../../src/jtag/drivers/buspirate.c:223: error: &#8216;B115200&#8217; undeclared (first use in this function)
</I>&gt;<i> ../../../../src/jtag/drivers/buspirate.c:223: error: too many arguments to function &#8216;buspirate_serial_setspeed&#8217;
</I>&gt;<i> ../../../../src/jtag/drivers/buspirate.c: In function &#8216;buspirate_jtag_set_speed&#8217;:
</I>&gt;<i> ../../../../src/jtag/drivers/buspirate.c:769: error: &#8216;speed_t&#8217; undeclared (first use in this function)
</I>&gt;<i> ../../../../src/jtag/drivers/buspirate.c:769: error: expected &#8216;;&#8217; before &#8216;baudrate&#8217;
</I>&gt;<i> ../../../../src/jtag/drivers/buspirate.c:780: error: &#8216;baudrate&#8217; undeclared (first use in this function)
</I>&gt;<i> ../../../../src/jtag/drivers/buspirate.c:780: error: &#8216;B1000000&#8217; undeclared (first use in this function)
</I>&gt;<i> ../../../../src/jtag/drivers/buspirate.c:782: error: too many arguments to function &#8216;buspirate_serial_setspeed&#8217;
</I>&gt;<i> ../../../../src/jtag/drivers/buspirate.c: At top level:
</I>&gt;<i> ../../../../src/jtag/drivers/buspirate.c:872: error: expected declaration specifiers or &#8216;...&#8217; before &#8216;speed_t&#8217;
</I>&gt;<i> ../../../../src/jtag/drivers/buspirate.c: In function &#8216;buspirate_serial_setspeed&#8217;:
</I>&gt;<i> ../../../../src/jtag/drivers/buspirate.c:874: error: storage size of &#8216;t_opt&#8217; isn&#8217;t known
</I>&gt;<i> cc1: warnings being treated as errors
</I>&gt;<i> ../../../../src/jtag/drivers/buspirate.c:877: error: implicit declaration of function &#8216;fcntl&#8217;
</I>&gt;<i> ../../../../src/jtag/drivers/buspirate.c:877: error: &#8216;F_SETFL&#8217; undeclared (first use in this function)
</I>&gt;<i> ../../../../src/jtag/drivers/buspirate.c:878: error: implicit declaration of function &#8216;tcgetattr&#8217;
</I>&gt;<i> ../../../../src/jtag/drivers/buspirate.c:879: error: implicit declaration of function &#8216;cfsetispeed&#8217;
</I>&gt;<i> ../../../../src/jtag/drivers/buspirate.c:879: error: &#8216;speed&#8217; undeclared (first use in this function)
</I>&gt;<i> ../../../../src/jtag/drivers/buspirate.c:880: error: implicit declaration of function &#8216;cfsetospeed&#8217;
</I>&gt;<i> ../../../../src/jtag/drivers/buspirate.c:881: error: &#8216;CLOCAL&#8217; undeclared (first use in this function)
</I>&gt;<i> ../../../../src/jtag/drivers/buspirate.c:881: error: &#8216;CREAD&#8217; undeclared (first use in this function)
</I>&gt;<i> ../../../../src/jtag/drivers/buspirate.c:882: error: &#8216;PARENB&#8217; undeclared (first use in this function)
</I>&gt;<i> ../../../../src/jtag/drivers/buspirate.c:883: error: &#8216;CSTOPB&#8217; undeclared (first use in this function)
</I>&gt;<i> ../../../../src/jtag/drivers/buspirate.c:884: error: &#8216;CSIZE&#8217; undeclared (first use in this function)
</I>&gt;<i> ../../../../src/jtag/drivers/buspirate.c:885: error: &#8216;CS8&#8217; undeclared (first use in this function)
</I>&gt;<i> ../../../../src/jtag/drivers/buspirate.c:886: error: &#8216;ICANON&#8217; undeclared (first use in this function)
</I>&gt;<i> ../../../../src/jtag/drivers/buspirate.c:886: error: &#8216;ECHO&#8217; undeclared (first use in this function)
</I>&gt;<i> ../../../../src/jtag/drivers/buspirate.c:886: error: &#8216;ECHOE&#8217; undeclared (first use in this function)
</I>&gt;<i> ../../../../src/jtag/drivers/buspirate.c:886: error: &#8216;ISIG&#8217; undeclared (first use in this function)
</I>&gt;<i> ../../../../src/jtag/drivers/buspirate.c:887: error: &#8216;IXON&#8217; undeclared (first use in this function)
</I>&gt;<i> ../../../../src/jtag/drivers/buspirate.c:887: error: &#8216;IXOFF&#8217; undeclared (first use in this function)
</I>&gt;<i> ../../../../src/jtag/drivers/buspirate.c:887: error: &#8216;IXANY&#8217; undeclared (first use in this function)
</I>&gt;<i> ../../../../src/jtag/drivers/buspirate.c:888: error: &#8216;OPOST&#8217; undeclared (first use in this function)
</I>&gt;<i> ../../../../src/jtag/drivers/buspirate.c:889: error: &#8216;VMIN&#8217; undeclared (first use in this function)
</I>&gt;<i> ../../../../src/jtag/drivers/buspirate.c:890: error: &#8216;VTIME&#8217; undeclared (first use in this function)
</I>&gt;<i> ../../../../src/jtag/drivers/buspirate.c:891: error: implicit declaration of function &#8216;tcflush&#8217;
</I>&gt;<i> ../../../../src/jtag/drivers/buspirate.c:891: error: &#8216;TCIFLUSH&#8217; undeclared (first use in this function)
</I>&gt;<i> ../../../../src/jtag/drivers/buspirate.c:892: error: implicit declaration of function &#8216;tcsetattr&#8217;
</I>&gt;<i> ../../../../src/jtag/drivers/buspirate.c:892: error: &#8216;TCSANOW&#8217; undeclared (first use in this function)
</I>&gt;<i> ../../../../src/jtag/drivers/buspirate.c:874: error: unused variable &#8216;t_opt&#8217;
</I>&gt;<i> make[6]: *** [buspirate.lo] B&#322;&#261;d 1
</I>&gt;<i> make[6]: Opuszczenie katalogu `/home/freddie/openocd/build-win32-libftdi/src/jtag/drivers'
</I>&gt;<i> make[5]: *** [all-recursive] B&#322;&#261;d 1
</I>&gt;<i> make[5]: Opuszczenie katalogu `/home/freddie/openocd/build-win32-libftdi/src/jtag'
</I>&gt;<i> make[4]: *** [all] B&#322;&#261;d 2
</I>&gt;<i> make[4]: Opuszczenie katalogu `/home/freddie/openocd/build-win32-libftdi/src/jtag'
</I>&gt;<i> make[3]: *** [all-recursive] B&#322;&#261;d 1
</I>&gt;<i> make[3]: Opuszczenie katalogu `/home/freddie/openocd/build-win32-libftdi/src'
</I>&gt;<i> make[2]: *** [all] B&#322;&#261;d 2
</I>&gt;<i> make[2]: Opuszczenie katalogu `/home/freddie/openocd/bVfya
</I>
4\/3!!

</PRE>

<!--endarticle-->
    <HR>
    <P><UL>
        <!--threads-->
	<LI>Previous message: <A HREF="015426.html">[Openocd-development] (no subject)
</A></li>
	<LI>Next message: <A HREF="015428.html">[Openocd-development] Errors when building with buspirate	support
</A></li>
         <LI> <B>Messages sorted by:</B> 
              <a href="date.html#15427">[ date ]</a>
              <a href="thread.html#15427">[ thread ]</a>
              <a href="subject.html#15427">[ subject ]</a>
              <a href="author.html#15427">[ author ]</a>
         </LI>
       </UL>

<hr>
<a href="https://lists.berlios.de/mailman/listinfo/openocd-development">More information about the Openocd-development
mailing list</a><br>
</body></html>
